<?xml version="1.0" encoding="UTF-8"?>
<testsuite xmlns:xsi="http://www.w3.org/2001/XMLSchema-instance" xsi:noNamespaceSchemaLocation="https://maven.apache.org/surefire/maven-surefire-plugin/xsd/surefire-test-report.xsd" version="3.0.2" name="com.example.ProxyClient.ProxyClientApplicationTests" time="0.849" tests="1" errors="0" skipped="0" failures="0">
  <properties>
    <property name="java.specification.version" value="17"/>
    <property name="sun.jnu.encoding" value="UTF-8"/>
    <property name="java.class.path" value="/home/satheesh-kumar/Downloads/TCP project/ProxyClient/target/test-classes:/home/satheesh-kumar/Downloads/TCP project/ProxyClient/target/classes:/home/satheesh-kumar/.m2/repository/org/springframework/boot/spring-boot-starter/3.4.4/spring-boot-starter-3.4.4.jar:/home/satheesh-kumar/.m2/repository/org/springframework/boot/spring-boot/3.4.4/spring-boot-3.4.4.jar:/home/satheesh-kumar/.m2/repository/org/springframework/spring-context/6.2.5/spring-context-6.2.5.jar:/home/satheesh-kumar/.m2/repository/org/springframework/spring-beans/6.2.5/spring-beans-6.2.5.jar:/home/satheesh-kumar/.m2/repository/org/springframework/spring-expression/6.2.5/spring-expression-6.2.5.jar:/home/satheesh-kumar/.m2/repository/org/springframework/boot/spring-boot-autoconfigure/3.4.4/spring-boot-autoconfigure-3.4.4.jar:/home/satheesh-kumar/.m2/repository/org/springframework/boot/spring-boot-starter-logging/3.4.4/spring-boot-starter-logging-3.4.4.jar:/home/satheesh-kumar/.m2/repository/ch/qos/logback/logback-classic/1.5.18/logback-classic-1.5.18.jar:/home/satheesh-kumar/.m2/repository/ch/qos/logback/logback-core/1.5.18/logback-core-1.5.18.jar:/home/satheesh-kumar/.m2/repository/org/apache/logging/log4j/log4j-to-slf4j/2.24.3/log4j-to-slf4j-2.24.3.jar:/home/satheesh-kumar/.m2/repository/org/apache/logging/log4j/log4j-api/2.24.3/log4j-api-2.24.3.jar:/home/satheesh-kumar/.m2/repository/org/slf4j/jul-to-slf4j/2.0.17/jul-to-slf4j-2.0.17.jar:/home/satheesh-kumar/.m2/repository/jakarta/annotation/jakarta.annotation-api/2.1.1/jakarta.annotation-api-2.1.1.jar:/home/satheesh-kumar/.m2/repository/org/springframework/spring-core/6.2.5/spring-core-6.2.5.jar:/home/satheesh-kumar/.m2/repository/org/springframework/spring-jcl/6.2.5/spring-jcl-6.2.5.jar:/home/satheesh-kumar/.m2/repository/org/yaml/snakeyaml/2.3/snakeyaml-2.3.jar:/home/satheesh-kumar/.m2/repository/org/springframework/integration/spring-integration-ip/6.4.3/spring-integration-ip-6.4.3.jar:/home/satheesh-kumar/.m2/repository/org/springframework/integration/spring-integration-core/6.4.3/spring-integration-core-6.4.3.jar:/home/satheesh-kumar/.m2/repository/org/springframework/spring-aop/6.2.5/spring-aop-6.2.5.jar:/home/satheesh-kumar/.m2/repository/org/springframework/spring-messaging/6.2.5/spring-messaging-6.2.5.jar:/home/satheesh-kumar/.m2/repository/org/springframework/spring-tx/6.2.5/spring-tx-6.2.5.jar:/home/satheesh-kumar/.m2/repository/org/springframework/retry/spring-retry/2.0.11/spring-retry-2.0.11.jar:/home/satheesh-kumar/.m2/repository/io/projectreactor/reactor-core/3.7.4/reactor-core-3.7.4.jar:/home/satheesh-kumar/.m2/repository/org/reactivestreams/reactive-streams/1.0.4/reactive-streams-1.0.4.jar:/home/satheesh-kumar/.m2/repository/io/micrometer/micrometer-observation/1.14.5/micrometer-observation-1.14.5.jar:/home/satheesh-kumar/.m2/repository/io/micrometer/micrometer-commons/1.14.5/micrometer-commons-1.14.5.jar:/home/satheesh-kumar/.m2/repository/org/springframework/boot/spring-boot-starter-test/3.4.4/spring-boot-starter-test-3.4.4.jar:/home/satheesh-kumar/.m2/repository/org/springframework/boot/spring-boot-test/3.4.4/spring-boot-test-3.4.4.jar:/home/satheesh-kumar/.m2/repository/org/springframework/boot/spring-boot-test-autoconfigure/3.4.4/spring-boot-test-autoconfigure-3.4.4.jar:/home/satheesh-kumar/.m2/repository/com/jayway/jsonpath/json-path/2.9.0/json-path-2.9.0.jar:/home/satheesh-kumar/.m2/repository/org/slf4j/slf4j-api/2.0.17/slf4j-api-2.0.17.jar:/home/satheesh-kumar/.m2/repository/jakarta/xml/bind/jakarta.xml.bind-api/4.0.2/jakarta.xml.bind-api-4.0.2.jar:/home/satheesh-kumar/.m2/repository/jakarta/activation/jakarta.activation-api/2.1.3/jakarta.activation-api-2.1.3.jar:/home/satheesh-kumar/.m2/repository/net/minidev/json-smart/2.5.2/json-smart-2.5.2.jar:/home/satheesh-kumar/.m2/repository/net/minidev/accessors-smart/2.5.2/accessors-smart-2.5.2.jar:/home/satheesh-kumar/.m2/repository/org/ow2/asm/asm/9.7.1/asm-9.7.1.jar:/home/satheesh-kumar/.m2/repository/org/assertj/assertj-core/3.26.3/assertj-core-3.26.3.jar:/home/satheesh-kumar/.m2/repository/net/bytebuddy/byte-buddy/1.15.11/byte-buddy-1.15.11.jar:/home/satheesh-kumar/.m2/repository/org/awaitility/awaitility/4.2.2/awaitility-4.2.2.jar:/home/satheesh-kumar/.m2/repository/org/hamcrest/hamcrest/2.2/hamcrest-2.2.jar:/home/satheesh-kumar/.m2/repository/org/junit/jupiter/junit-jupiter/5.11.4/junit-jupiter-5.11.4.jar:/home/satheesh-kumar/.m2/repository/org/junit/jupiter/junit-jupiter-api/5.11.4/junit-jupiter-api-5.11.4.jar:/home/satheesh-kumar/.m2/repository/org/opentest4j/opentest4j/1.3.0/opentest4j-1.3.0.jar:/home/satheesh-kumar/.m2/repository/org/junit/platform/junit-platform-commons/1.11.4/junit-platform-commons-1.11.4.jar:/home/satheesh-kumar/.m2/repository/org/apiguardian/apiguardian-api/1.1.2/apiguardian-api-1.1.2.jar:/home/satheesh-kumar/.m2/repository/org/junit/jupiter/junit-jupiter-params/5.11.4/junit-jupiter-params-5.11.4.jar:/home/satheesh-kumar/.m2/repository/org/junit/jupiter/junit-jupiter-engine/5.11.4/junit-jupiter-engine-5.11.4.jar:/home/satheesh-kumar/.m2/repository/org/junit/platform/junit-platform-engine/1.11.4/junit-platform-engine-1.11.4.jar:/home/satheesh-kumar/.m2/repository/org/mockito/mockito-core/5.14.2/mockito-core-5.14.2.jar:/home/satheesh-kumar/.m2/repository/net/bytebuddy/byte-buddy-agent/1.15.11/byte-buddy-agent-1.15.11.jar:/home/satheesh-kumar/.m2/repository/org/objenesis/objenesis/3.3/objenesis-3.3.jar:/home/satheesh-kumar/.m2/repository/org/mockito/mockito-junit-jupiter/5.14.2/mockito-junit-jupiter-5.14.2.jar:/home/satheesh-kumar/.m2/repository/org/skyscreamer/jsonassert/1.5.3/jsonassert-1.5.3.jar:/home/satheesh-kumar/.m2/repository/com/vaadin/external/google/android-json/0.0.20131108.vaadin1/android-json-0.0.20131108.vaadin1.jar:/home/satheesh-kumar/.m2/repository/org/springframework/spring-test/6.2.5/spring-test-6.2.5.jar:/home/satheesh-kumar/.m2/repository/org/xmlunit/xmlunit-core/2.10.0/xmlunit-core-2.10.0.jar:"/>
    <property name="java.vm.vendor" value="Ubuntu"/>
    <property name="sun.arch.data.model" value="64"/>
    <property name="java.vendor.url" value="https://ubuntu.com/"/>
    <property name="user.timezone" value="Asia/Kolkata"/>
    <property name="os.name" value="Linux"/>
    <property name="java.vm.specification.version" value="17"/>
    <property name="APPLICATION_NAME" value="ProxyClient"/>
    <property name="sun.java.launcher" value="SUN_STANDARD"/>
    <property name="user.country" value="IN"/>
    <property name="sun.boot.library.path" value="/usr/lib/jvm/java-17-openjdk-amd64/lib"/>
    <property name="sun.java.command" value="/home/satheesh-kumar/Downloads/TCP project/ProxyClient/target/surefire/surefirebooter-20250331163746104_3.jar /home/satheesh-kumar/Downloads/TCP project/ProxyClient/target/surefire 2025-03-31T16-37-46_053-jvmRun1 surefire-20250331163746104_1tmp surefire_0-20250331163746104_2tmp"/>
    <property name="jdk.debug" value="release"/>
    <property name="surefire.test.class.path" value="/home/satheesh-kumar/Downloads/TCP project/ProxyClient/target/test-classes:/home/satheesh-kumar/Downloads/TCP project/ProxyClient/target/classes:/home/satheesh-kumar/.m2/repository/org/springframework/boot/spring-boot-starter/3.4.4/spring-boot-starter-3.4.4.jar:/home/satheesh-kumar/.m2/repository/org/springframework/boot/spring-boot/3.4.4/spring-boot-3.4.4.jar:/home/satheesh-kumar/.m2/repository/org/springframework/spring-context/6.2.5/spring-context-6.2.5.jar:/home/satheesh-kumar/.m2/repository/org/springframework/spring-beans/6.2.5/spring-beans-6.2.5.jar:/home/satheesh-kumar/.m2/repository/org/springframework/spring-expression/6.2.5/spring-expression-6.2.5.jar:/home/satheesh-kumar/.m2/repository/org/springframework/boot/spring-boot-autoconfigure/3.4.4/spring-boot-autoconfigure-3.4.4.jar:/home/satheesh-kumar/.m2/repository/org/springframework/boot/spring-boot-starter-logging/3.4.4/spring-boot-starter-logging-3.4.4.jar:/home/satheesh-kumar/.m2/repository/ch/qos/logback/logback-classic/1.5.18/logback-classic-1.5.18.jar:/home/satheesh-kumar/.m2/repository/ch/qos/logback/logback-core/1.5.18/logback-core-1.5.18.jar:/home/satheesh-kumar/.m2/repository/org/apache/logging/log4j/log4j-to-slf4j/2.24.3/log4j-to-slf4j-2.24.3.jar:/home/satheesh-kumar/.m2/repository/org/apache/logging/log4j/log4j-api/2.24.3/log4j-api-2.24.3.jar:/home/satheesh-kumar/.m2/repository/org/slf4j/jul-to-slf4j/2.0.17/jul-to-slf4j-2.0.17.jar:/home/satheesh-kumar/.m2/repository/jakarta/annotation/jakarta.annotation-api/2.1.1/jakarta.annotation-api-2.1.1.jar:/home/satheesh-kumar/.m2/repository/org/springframework/spring-core/6.2.5/spring-core-6.2.5.jar:/home/satheesh-kumar/.m2/repository/org/springframework/spring-jcl/6.2.5/spring-jcl-6.2.5.jar:/home/satheesh-kumar/.m2/repository/org/yaml/snakeyaml/2.3/snakeyaml-2.3.jar:/home/satheesh-kumar/.m2/repository/org/springframework/integration/spring-integration-ip/6.4.3/spring-integration-ip-6.4.3.jar:/home/satheesh-kumar/.m2/repository/org/springframework/integration/spring-integration-core/6.4.3/spring-integration-core-6.4.3.jar:/home/satheesh-kumar/.m2/repository/org/springframework/spring-aop/6.2.5/spring-aop-6.2.5.jar:/home/satheesh-kumar/.m2/repository/org/springframework/spring-messaging/6.2.5/spring-messaging-6.2.5.jar:/home/satheesh-kumar/.m2/repository/org/springframework/spring-tx/6.2.5/spring-tx-6.2.5.jar:/home/satheesh-kumar/.m2/repository/org/springframework/retry/spring-retry/2.0.11/spring-retry-2.0.11.jar:/home/satheesh-kumar/.m2/repository/io/projectreactor/reactor-core/3.7.4/reactor-core-3.7.4.jar:/home/satheesh-kumar/.m2/repository/org/reactivestreams/reactive-streams/1.0.4/reactive-streams-1.0.4.jar:/home/satheesh-kumar/.m2/repository/io/micrometer/micrometer-observation/1.14.5/micrometer-observation-1.14.5.jar:/home/satheesh-kumar/.m2/repository/io/micrometer/micrometer-commons/1.14.5/micrometer-commons-1.14.5.jar:/home/satheesh-kumar/.m2/repository/org/springframework/boot/spring-boot-starter-test/3.4.4/spring-boot-starter-test-3.4.4.jar:/home/satheesh-kumar/.m2/repository/org/springframework/boot/spring-boot-test/3.4.4/spring-boot-test-3.4.4.jar:/home/satheesh-kumar/.m2/repository/org/springframework/boot/spring-boot-test-autoconfigure/3.4.4/spring-boot-test-autoconfigure-3.4.4.jar:/home/satheesh-kumar/.m2/repository/com/jayway/jsonpath/json-path/2.9.0/json-path-2.9.0.jar:/home/satheesh-kumar/.m2/repository/org/slf4j/slf4j-api/2.0.17/slf4j-api-2.0.17.jar:/home/satheesh-kumar/.m2/repository/jakarta/xml/bind/jakarta.xml.bind-api/4.0.2/jakarta.xml.bind-api-4.0.2.jar:/home/satheesh-kumar/.m2/repository/jakarta/activation/jakarta.activation-api/2.1.3/jakarta.activation-api-2.1.3.jar:/home/satheesh-kumar/.m2/repository/net/minidev/json-smart/2.5.2/json-smart-2.5.2.jar:/home/satheesh-kumar/.m2/repository/net/minidev/accessors-smart/2.5.2/accessors-smart-2.5.2.jar:/home/satheesh-kumar/.m2/repository/org/ow2/asm/asm/9.7.1/asm-9.7.1.jar:/home/satheesh-kumar/.m2/repository/org/assertj/assertj-core/3.26.3/assertj-core-3.26.3.jar:/home/satheesh-kumar/.m2/repository/net/bytebuddy/byte-buddy/1.15.11/byte-buddy-1.15.11.jar:/home/satheesh-kumar/.m2/repository/org/awaitility/awaitility/4.2.2/awaitility-4.2.2.jar:/home/satheesh-kumar/.m2/repository/org/hamcrest/hamcrest/2.2/hamcrest-2.2.jar:/home/satheesh-kumar/.m2/repository/org/junit/jupiter/junit-jupiter/5.11.4/junit-jupiter-5.11.4.jar:/home/satheesh-kumar/.m2/repository/org/junit/jupiter/junit-jupiter-api/5.11.4/junit-jupiter-api-5.11.4.jar:/home/satheesh-kumar/.m2/repository/org/opentest4j/opentest4j/1.3.0/opentest4j-1.3.0.jar:/home/satheesh-kumar/.m2/repository/org/junit/platform/junit-platform-commons/1.11.4/junit-platform-commons-1.11.4.jar:/home/satheesh-kumar/.m2/repository/org/apiguardian/apiguardian-api/1.1.2/apiguardian-api-1.1.2.jar:/home/satheesh-kumar/.m2/repository/org/junit/jupiter/junit-jupiter-params/5.11.4/junit-jupiter-params-5.11.4.jar:/home/satheesh-kumar/.m2/repository/org/junit/jupiter/junit-jupiter-engine/5.11.4/junit-jupiter-engine-5.11.4.jar:/home/satheesh-kumar/.m2/repository/org/junit/platform/junit-platform-engine/1.11.4/junit-platform-engine-1.11.4.jar:/home/satheesh-kumar/.m2/repository/org/mockito/mockito-core/5.14.2/mockito-core-5.14.2.jar:/home/satheesh-kumar/.m2/repository/net/bytebuddy/byte-buddy-agent/1.15.11/byte-buddy-agent-1.15.11.jar:/home/satheesh-kumar/.m2/repository/org/objenesis/objenesis/3.3/objenesis-3.3.jar:/home/satheesh-kumar/.m2/repository/org/mockito/mockito-junit-jupiter/5.14.2/mockito-junit-jupiter-5.14.2.jar:/home/satheesh-kumar/.m2/repository/org/skyscreamer/jsonassert/1.5.3/jsonassert-1.5.3.jar:/home/satheesh-kumar/.m2/repository/com/vaadin/external/google/android-json/0.0.20131108.vaadin1/android-json-0.0.20131108.vaadin1.jar:/home/satheesh-kumar/.m2/repository/org/springframework/spring-test/6.2.5/spring-test-6.2.5.jar:/home/satheesh-kumar/.m2/repository/org/xmlunit/xmlunit-core/2.10.0/xmlunit-core-2.10.0.jar:"/>
    <property name="sun.cpu.endian" value="little"/>
    <property name="user.home" value="/home/satheesh-kumar"/>
    <property name="user.language" value="en"/>
    <property name="java.specification.vendor" value="Oracle Corporation"/>
    <property name="java.version.date" value="2025-01-21"/>
    <property name="java.home" value="/usr/lib/jvm/java-17-openjdk-amd64"/>
    <property name="file.separator" value="/"/>
    <property name="basedir" value="/home/satheesh-kumar/Downloads/TCP project/ProxyClient"/>
    <property name="java.vm.compressedOopsMode" value="Zero based"/>
    <property name="line.separator" value="&#10;"/>
    <property name="java.specification.name" value="Java Platform API Specification"/>
    <property name="java.vm.specification.vendor" value="Oracle Corporation"/>
    <property name="FILE_LOG_CHARSET" value="UTF-8"/>
    <property name="java.awt.headless" value="true"/>
    <property name="surefire.real.class.path" value="/home/satheesh-kumar/Downloads/TCP project/ProxyClient/target/surefire/surefirebooter-20250331163746104_3.jar"/>
    <property name="sun.management.compiler" value="HotSpot 64-Bit Tiered Compilers"/>
    <property name="java.runtime.version" value="17.0.14+7-Ubuntu-124.04"/>
    <property name="user.name" value="satheesh-kumar"/>
    <property name="path.separator" value=":"/>
    <property name="os.version" value="6.8.0-56-generic"/>
    <property name="java.runtime.name" value="OpenJDK Runtime Environment"/>
    <property name="file.encoding" value="UTF-8"/>
    <property name="java.vm.name" value="OpenJDK 64-Bit Server VM"/>
    <property name="localRepository" value="/home/satheesh-kumar/.m2/repository"/>
    <property name="java.vendor.url.bug" value="https://bugs.launchpad.net/ubuntu/+source/openjdk-17"/>
    <property name="java.io.tmpdir" value="/tmp"/>
    <property name="java.version" value="17.0.14"/>
    <property name="user.dir" value="/home/satheesh-kumar/Downloads/TCP project/ProxyClient"/>
    <property name="os.arch" value="amd64"/>
    <property name="java.vm.specification.name" value="Java Virtual Machine Specification"/>
    <property name="PID" value="9274"/>
    <property name="CONSOLE_LOG_CHARSET" value="UTF-8"/>
    <property name="native.encoding" value="UTF-8"/>
    <property name="java.library.path" value="/usr/java/packages/lib:/usr/lib/x86_64-linux-gnu/jni:/lib/x86_64-linux-gnu:/usr/lib/x86_64-linux-gnu:/usr/lib/jni:/lib:/usr/lib"/>
    <property name="java.vm.info" value="mixed mode, sharing"/>
    <property name="java.vendor" value="Ubuntu"/>
    <property name="java.vm.version" value="17.0.14+7-Ubuntu-124.04"/>
    <property name="java.specification.maintenance.version" value="1"/>
    <property name="sun.io.unicode.encoding" value="UnicodeLittle"/>
    <property name="java.class.version" value="61.0"/>
    <property name="LOGGED_APPLICATION_NAME" value="[ProxyClient] "/>
  </properties>
  <testcase name="contextLoads" classname="com.example.ProxyClient.ProxyClientApplicationTests" time="0.461">
    <system-out><![CDATA[
  .   ____          _            __ _ _
 /\\ / ___'_ __ _ _(_)_ __  __ _ \ \ \ \
( ( )\___ | '_ | '_| | '_ \/ _` | \ \ \ \
 \\/  ___)| |_)| | | | | || (_| |  ) ) ) )
  '  |____| .__|_| |_|_| |_\__, | / / / /
 =========|_|==============|___/=/_/_/_/

 :: Spring Boot ::                (v3.4.4)

2025-03-31T16:37:46.741+05:30  INFO 9274 --- [ProxyClient] [           main] c.e.P.ProxyClientApplicationTests        : Starting ProxyClientApplicationTests using Java 17.0.14 with PID 9274 (started by satheesh-kumar in /home/satheesh-kumar/Downloads/TCP project/ProxyClient)
2025-03-31T16:37:46.743+05:30  INFO 9274 --- [ProxyClient] [           main] c.e.P.ProxyClientApplicationTests        : No active profile set, falling back to 1 default profile: "default"
2025-03-31T16:37:46.801+05:30  INFO 9274 --- [ProxyClient] [           main] c.e.P.ProxyClientApplicationTests        : Started ProxyClientApplicationTests in 0.229 seconds (process running for 0.655)
]]></system-out>
  </testcase>
</testsuite>